
Tue, 22 Apr 2014 20:45:11 GMT

MAKE:
/usr/bin/g++ -c -pipe -O3 -fomit-frame-pointer -march=native   chameneosredux.c++ -o chameneosredux.c++.o &&  \
        /usr/bin/g++ chameneosredux.c++.o -o chameneosredux.gpp_run -lboost_thread -lboost_system 
/usr/bin/ld: chameneosredux.c++.o: undefined reference to symbol 'pthread_setaffinity_np@@GLIBC_2.3.4'
//lib/x86_64-linux-gnu/libpthread.so.0: error adding symbols: DSO missing from command line
collect2: error: ld returned 1 exit status
make: [chameneosredux.gpp_run] Error 1 (ignored)
rm chameneosredux.c++
24.26s to complete and log all make actions

COMMAND LINE:
./chameneosredux.gpp_run 60000

MAKE ERROR 

